<?xml version="1.0" encoding="UTF-8"?>
<!-- Generated by org.testng.reporters.JUnitReportReporter -->
<testsuite hostname="FVFHXHYBQ6LR" failures="0" tests="1" name="Runner" time="0.042" errors="0" timestamp="2023-05-22T12:55:34 IST" skipped="0">
  <testcase classname="Runner" name="runScenario" time="0.042"/>
  <system-out/>
</testsuite> <!-- Runner -->
